<?xml version="1.0" encoding="UTF-8"?>
<testsuite xmlns:xsi="http://www.w3.org/2001/XMLSchema-instance" xsi:schemaLocation="https://maven.apache.org/surefire/maven-surefire-plugin/xsd/surefire-test-report.xsd" name="packge.application.CalculadoraTest" time="0.103" tests="1" errors="0" skipped="0" failures="1">
  <properties>
[...]
</properties>
  <testcase name="testSuma" classname="packge.application.CalculadoraTest" time="0.091">
    <failure message="expected: &lt;15.0&gt; but was: &lt;11.0&gt;" type="org.opentest4j.AssertionFailedError"><![CDATA[org.opentest4j.AssertionFailedError: expected: <15.0> but was: <11.0>
	at packge.application.CalculadoraTest.testSuma(CalculadoraTest.java:16)
]]></failure>
  </testcase>
</testsuite>